2025-06-12 19:19:01,967-Context Logger-DEBUG-Hey this is debug log-test_log-9
2025-06-12 19:19:01,970-Context Logger-INFO-Hey this is info log-test_log-10
2025-06-12 19:19:01,972-Context Logger-WARNING-Hey this is warning log-test_log-11
2025-06-12 19:19:01,975-Context Logger-ERROR-Hey this is error log-test_log-12
2025-06-12 19:19:01,978-Context Logger-CRITICAL-Hey this is critical log-test_log-13
2025-06-12 19:19:10,024-Context Logger-DEBUG-Hey this is debug log-test_log-9
2025-06-12 19:19:10,024-Context Logger-DEBUG-Hey this is debug log-test_log-9
2025-06-12 19:19:10,026-Context Logger-INFO-Hey this is info log-test_log-10
2025-06-12 19:19:10,026-Context Logger-INFO-Hey this is info log-test_log-10
2025-06-12 19:19:10,028-Context Logger-WARNING-Hey this is warning log-test_log-11
2025-06-12 19:19:10,028-Context Logger-WARNING-Hey this is warning log-test_log-11
2025-06-12 19:19:10,031-Context Logger-ERROR-Hey this is error log-test_log-12
2025-06-12 19:19:10,031-Context Logger-ERROR-Hey this is error log-test_log-12
2025-06-12 19:19:10,035-Context Logger-CRITICAL-Hey this is critical log-test_log-13
2025-06-12 19:19:10,035-Context Logger-CRITICAL-Hey this is critical log-test_log-13
2025-06-12 19:19:34,610-Context Logger-DEBUG-Hey this is debug log-test_log-10
2025-06-12 19:19:34,610-Context Logger-INFO-Hey this is info log-test_log-11
2025-06-12 19:19:34,610-Context Logger-WARNING-Hey this is warning log-test_log-12
2025-06-12 19:19:34,610-Context Logger-ERROR-Hey this is error log-test_log-13
2025-06-12 19:19:34,610-Context Logger-CRITICAL-Hey this is critical log-test_log-14
2025-06-12 19:33:42,448-Context Logger-DEBUG-Hey this is debug log-test_log-10
2025-06-12 19:33:42,507-Context Logger-INFO-Hey this is info log-test_log-11
2025-06-12 19:33:42,514-Context Logger-WARNING-Hey this is warning log-test_log-12
2025-06-12 19:33:42,524-Context Logger-ERROR-Hey this is error log-test_log-13
2025-06-12 19:33:42,531-Context Logger-CRITICAL-Hey this is critical log-test_log-14
2025-06-12 19:36:04,166-Context Logger-DEBUG-Hey this is debug log-test_log-11
2025-06-12 19:36:04,166-Context Logger-DEBUG-Hey this is debug log- Function Name: test_log- Line Number: 11 - User ID: user123- Session ID: session456
2025-06-12 19:36:04,166-Context Logger-DEBUG-Hey this is debug log- Function Name: test_log- Line Number: 11 - User ID: user123- Session ID: session456
2025-06-12 19:36:04,166-Context Logger-INFO-Hey this is info log-test_log-12
2025-06-12 19:36:04,166-Context Logger-INFO-Hey this is info log- Function Name: test_log- Line Number: 12 - User ID: user123- Session ID: session456
2025-06-12 19:36:04,166-Context Logger-INFO-Hey this is info log- Function Name: test_log- Line Number: 12 - User ID: user123- Session ID: session456
2025-06-12 19:36:04,167-Context Logger-WARNING-Hey this is warning log-test_log-13
2025-06-12 19:36:04,167-Context Logger-WARNING-Hey this is warning log- Function Name: test_log- Line Number: 13 - User ID: user123- Session ID: session456
2025-06-12 19:36:04,167-Context Logger-WARNING-Hey this is warning log- Function Name: test_log- Line Number: 13 - User ID: user123- Session ID: session456
2025-06-12 19:36:04,167-Context Logger-ERROR-Hey this is error log-test_log-14
2025-06-12 19:36:04,167-Context Logger-ERROR-Hey this is error log- Function Name: test_log- Line Number: 14 - User ID: user123- Session ID: session456
2025-06-12 19:36:04,167-Context Logger-ERROR-Hey this is error log- Function Name: test_log- Line Number: 14 - User ID: user123- Session ID: session456
2025-06-12 19:36:04,168-Context Logger-CRITICAL-Hey this is critical log-test_log-15
2025-06-12 19:36:04,168-Context Logger-CRITICAL-Hey this is critical log- Function Name: test_log- Line Number: 15 - User ID: user123- Session ID: session456
2025-06-12 19:36:04,168-Context Logger-CRITICAL-Hey this is critical log- Function Name: test_log- Line Number: 15 - User ID: user123- Session ID: session456
2025-06-12 19:37:21,834-Context Logger-DEBUG-Hey this is debug log- Function Name: test_log- Line Number: 10
2025-06-12 19:37:21,836-Context Logger-INFO-Hey this is info log- Function Name: test_log- Line Number: 11
2025-06-12 19:37:21,836-Context Logger-WARNING-Hey this is warning log- Function Name: test_log- Line Number: 12
2025-06-12 19:37:21,836-Context Logger-ERROR-Hey this is error log- Function Name: test_log- Line Number: 13
2025-06-12 19:37:21,837-Context Logger-CRITICAL-Hey this is critical log- Function Name: test_log- Line Number: 14
2025-06-12 19:37:24,451-Context Logger-DEBUG-Hey this is debug log- Function Name: test_log- Line Number: 11
2025-06-12 19:37:24,451-Context Logger-INFO-Hey this is info log- Function Name: test_log- Line Number: 12
2025-06-12 19:37:24,452-Context Logger-WARNING-Hey this is warning log- Function Name: test_log- Line Number: 13
2025-06-12 19:37:24,452-Context Logger-ERROR-Hey this is error log- Function Name: test_log- Line Number: 14
2025-06-12 19:37:24,454-Context Logger-CRITICAL-Hey this is critical log- Function Name: test_log- Line Number: 15
